selected language: en
using locale en_US.utf-8
Graphics: Try to set Videomode 1x1
Graphics: OpenGL: Version "4.6.0 NVIDIA 440.100"
Graphics: SDL_GL_RED_SIZE is 8
Graphics: SDL_GL_GREEN_SIZE is 8
Graphics: SDL_GL_BLUE_SIZE is 8
Graphics: SDL_GL_ALPHA_SIZE is 0
Graphics: SDL_GL_BUFFER_SIZE is 24
Graphics: SDL_GL_DOUBLEBUFFER is 1
Graphics: SDL_GL_DEPTH_SIZE is 24
Graphics: SDL_GL_STENCIL_SIZE is 0
Graphics: SDL_GL_ACCUM_RED_SIZE is 16
Graphics: SDL_GL_ACCUM_GREEN_SIZE is 16
Graphics: SDL_GL_ACCUM_BLUE_SIZE is 16
Graphics: SDL_GL_ACCUM_ALPHA_SIZE is 16
Graphics: SDL_GL_STEREO is 0
Graphics: SDL_GL_MULTISAMPLEBUFFERS is 0
Graphics: SDL_GL_MULTISAMPLESAMPLES is 0
Graphics: SDL_GL_ACCELERATED_VISUAL is 1
Graphics: SDL_GL_CONTEXT_MAJOR_VERSION is 2
Graphics: SDL_GL_CONTEXT_MINOR_VERSION is 1
Graphics: SDL_GL_CONTEXT_FLAGS is 0
Graphics: SDL_GL_CONTEXT_PROFILE_MASK is 0
Graphics: SDL_GL_SHARE_WITH_CURRENT_CONTEXT is 0
Graphics: SDL_GL_FRAMEBUFFER_SRGB_CAPABLE is 0
Graphics: OpenGL: Double buffering enabled
Graphics: OpenGL: Max texture size: 16384
Graphics: OpenGL: ShadingLanguage: "4.60 NVIDIA"
**** GRAPHICS REPORT ****
 VIDEO DRIVER GLVND x11
 pixel fmt 370546692
 size 640 480
**** END GRAPHICS REPORT ****
Style Manager: Reading style templates took 26ms
┏━ Running Lua for world:
┃    Resources: 1ms
┃    Terrains: 19ms
┃    Immovables: 346ms
┃    Critters: 225ms
┗━ took: 591ms
Loading the world took 605ms
┏━ Running Lua for tribes:
┃    Ships: 734ms
WARNING: Preciousness of 40 is a bit high for ware/worker 'coal' and tribe 'frisians'. We recommend not going over 25.
┃    Wares: 112ms
┃    Immovables: 312ms
┃    Workers: 2469ms
┃    Warehouses: 267ms
┃    Productionsites: 1064ms
┃    Trainingsites: 191ms
┃    Militarysites: 283ms
┃    Partially finished buildings: 4ms
┃    Tribe infos: 88ms
┗━ took: 5524ms
Loading the tribes took 5526ms
==========================================
WRITING 'idle' animation for 'liana_wasteland_mature'. It has 5 pictures and 1 scales.
CREATING 60 x 135 spritesheet with 2 columns, 5 frames. Image size: 30 x 45.
Frame 0 at: 0, 0, 30, 45
Frame 1 at: 30, 0, 60, 45
Frame 2 at: 0, 45, 30, 90
Frame 3 at: 30, 45, 60, 90
Frame 4 at: 0, 90, 30, 135
Wrote spritesheet to trees/trees.converted/liana/idle_1.png
LUA CODE:
idle = {
   directory = path.dirname(__file__),
   basename = "idle",
   fps = 8,
   frames = 5,
   rows = 3,
   columns = 2,
   hotspot = { 18, 48 }
}
Done!
lastserial: 0
