selected language: en
using locale en_US.utf-8
Graphics: Try to set Videomode 1x1
Graphics: OpenGL: Version "4.6.0 NVIDIA 440.100"
Graphics: SDL_GL_RED_SIZE is 8
Graphics: SDL_GL_GREEN_SIZE is 8
Graphics: SDL_GL_BLUE_SIZE is 8
Graphics: SDL_GL_ALPHA_SIZE is 0
Graphics: SDL_GL_BUFFER_SIZE is 24
Graphics: SDL_GL_DOUBLEBUFFER is 1
Graphics: SDL_GL_DEPTH_SIZE is 24
Graphics: SDL_GL_STENCIL_SIZE is 0
Graphics: SDL_GL_ACCUM_RED_SIZE is 16
Graphics: SDL_GL_ACCUM_GREEN_SIZE is 16
Graphics: SDL_GL_ACCUM_BLUE_SIZE is 16
Graphics: SDL_GL_ACCUM_ALPHA_SIZE is 16
Graphics: SDL_GL_STEREO is 0
Graphics: SDL_GL_MULTISAMPLEBUFFERS is 0
Graphics: SDL_GL_MULTISAMPLESAMPLES is 0
Graphics: SDL_GL_ACCELERATED_VISUAL is 1
Graphics: SDL_GL_CONTEXT_MAJOR_VERSION is 2
Graphics: SDL_GL_CONTEXT_MINOR_VERSION is 1
Graphics: SDL_GL_CONTEXT_FLAGS is 0
Graphics: SDL_GL_CONTEXT_PROFILE_MASK is 0
Graphics: SDL_GL_SHARE_WITH_CURRENT_CONTEXT is 0
Graphics: SDL_GL_FRAMEBUFFER_SRGB_CAPABLE is 0
Graphics: OpenGL: Double buffering enabled
Graphics: OpenGL: Max texture size: 16384
Graphics: OpenGL: ShadingLanguage: "4.60 NVIDIA"
**** GRAPHICS REPORT ****
 VIDEO DRIVER GLVND x11
 pixel fmt 370546692
 size 640 480
**** END GRAPHICS REPORT ****
Style Manager: Reading style templates took 25ms
┏━ Running Lua for world:
┃    Resources: 1ms
┃    Terrains: 18ms
┃    Immovables: 340ms
┃    Critters: 221ms
┗━ took: 580ms
Loading the world took 594ms
┏━ Running Lua for tribes:
┃    Ships: 729ms
WARNING: Preciousness of 40 is a bit high for ware/worker 'coal' and tribe 'frisians'. We recommend not going over 25.
┃    Wares: 114ms
┃    Immovables: 302ms
┃    Workers: 2398ms
┃    Warehouses: 263ms
┃    Productionsites: 1071ms
┃    Trainingsites: 189ms
┃    Militarysites: 282ms
┃    Partially finished buildings: 3ms
┃    Tribe infos: 86ms
┗━ took: 5438ms
Loading the tribes took 5440ms
==========================================
WRITING 'idle' animation for 'aspen_summer_mature'. It has 4 pictures and 1 scales.
CREATING 108 x 94 spritesheet with 2 columns, 4 frames. Image size: 54 x 47.
Frame 0 at: 0, 0, 54, 47
Frame 1 at: 54, 0, 108, 47
Frame 2 at: 0, 47, 54, 94
Frame 3 at: 54, 47, 108, 94
Wrote spritesheet to trees/trees.converted/aspen/idle_1.png
LUA CODE:
idle = {
   directory = path.dirname(__file__),
   basename = "idle",
   fps = 8,
   frames = 4,
   rows = 2,
   columns = 2,
   hotspot = { 18, 47 }
}
Done!
lastserial: 0
