selected language: en
using locale en_US.utf-8
Graphics: Try to set Videomode 1x1
Graphics: OpenGL: Version "4.6.0 NVIDIA 440.100"
Graphics: SDL_GL_RED_SIZE is 8
Graphics: SDL_GL_GREEN_SIZE is 8
Graphics: SDL_GL_BLUE_SIZE is 8
Graphics: SDL_GL_ALPHA_SIZE is 0
Graphics: SDL_GL_BUFFER_SIZE is 24
Graphics: SDL_GL_DOUBLEBUFFER is 1
Graphics: SDL_GL_DEPTH_SIZE is 24
Graphics: SDL_GL_STENCIL_SIZE is 0
Graphics: SDL_GL_ACCUM_RED_SIZE is 16
Graphics: SDL_GL_ACCUM_GREEN_SIZE is 16
Graphics: SDL_GL_ACCUM_BLUE_SIZE is 16
Graphics: SDL_GL_ACCUM_ALPHA_SIZE is 16
Graphics: SDL_GL_STEREO is 0
Graphics: SDL_GL_MULTISAMPLEBUFFERS is 0
Graphics: SDL_GL_MULTISAMPLESAMPLES is 0
Graphics: SDL_GL_ACCELERATED_VISUAL is 1
Graphics: SDL_GL_CONTEXT_MAJOR_VERSION is 2
Graphics: SDL_GL_CONTEXT_MINOR_VERSION is 1
Graphics: SDL_GL_CONTEXT_FLAGS is 0
Graphics: SDL_GL_CONTEXT_PROFILE_MASK is 0
Graphics: SDL_GL_SHARE_WITH_CURRENT_CONTEXT is 0
Graphics: SDL_GL_FRAMEBUFFER_SRGB_CAPABLE is 0
Graphics: OpenGL: Double buffering enabled
Graphics: OpenGL: Max texture size: 16384
Graphics: OpenGL: ShadingLanguage: "4.60 NVIDIA"
**** GRAPHICS REPORT ****
 VIDEO DRIVER GLVND x11
 pixel fmt 370546692
 size 640 480
**** END GRAPHICS REPORT ****
Style Manager: Reading style templates took 27ms
┏━ Running Lua for world:
┃    Resources: 1ms
┃    Terrains: 19ms
┃    Immovables: 379ms
┃    Critters: 234ms
┗━ took: 633ms
Loading the world took 648ms
┏━ Running Lua for tribes:
┃    Ships: 759ms
WARNING: Preciousness of 40 is a bit high for ware/worker 'coal' and tribe 'frisians'. We recommend not going over 25.
┃    Wares: 115ms
┃    Immovables: 308ms
┃    Workers: 2442ms
┃    Warehouses: 268ms
┃    Productionsites: 1061ms
┃    Trainingsites: 189ms
┃    Militarysites: 285ms
┃    Partially finished buildings: 3ms
┃    Tribe infos: 87ms
┗━ took: 5517ms
Loading the tribes took 5519ms
==========================================
WRITING 'idle' animation for 'cirrus_wasteland_old'. It has 5 pictures and 1 scales.
CREATING 94 x 180 spritesheet with 2 columns, 5 frames. Image size: 47 x 60.
Frame 0 at: 0, 0, 47, 60
Frame 1 at: 47, 0, 94, 60
Frame 2 at: 0, 60, 47, 120
Frame 3 at: 47, 60, 94, 120
Frame 4 at: 0, 120, 47, 180
Wrote spritesheet to trees/trees.converted/cirrus/idle_1.png
LUA CODE:
idle = {
   directory = path.dirname(__file__),
   basename = "idle",
   fps = 10,
   frames = 5,
   rows = 3,
   columns = 2,
   hotspot = { 24, 60 }
}
Done!
lastserial: 0
