selected language: en
using locale en_US.utf-8
Graphics: Try to set Videomode 1x1
Graphics: OpenGL: Version "4.6.0 NVIDIA 440.100"
Graphics: SDL_GL_RED_SIZE is 8
Graphics: SDL_GL_GREEN_SIZE is 8
Graphics: SDL_GL_BLUE_SIZE is 8
Graphics: SDL_GL_ALPHA_SIZE is 0
Graphics: SDL_GL_BUFFER_SIZE is 24
Graphics: SDL_GL_DOUBLEBUFFER is 1
Graphics: SDL_GL_DEPTH_SIZE is 24
Graphics: SDL_GL_STENCIL_SIZE is 0
Graphics: SDL_GL_ACCUM_RED_SIZE is 16
Graphics: SDL_GL_ACCUM_GREEN_SIZE is 16
Graphics: SDL_GL_ACCUM_BLUE_SIZE is 16
Graphics: SDL_GL_ACCUM_ALPHA_SIZE is 16
Graphics: SDL_GL_STEREO is 0
Graphics: SDL_GL_MULTISAMPLEBUFFERS is 0
Graphics: SDL_GL_MULTISAMPLESAMPLES is 0
Graphics: SDL_GL_ACCELERATED_VISUAL is 1
Graphics: SDL_GL_CONTEXT_MAJOR_VERSION is 2
Graphics: SDL_GL_CONTEXT_MINOR_VERSION is 1
Graphics: SDL_GL_CONTEXT_FLAGS is 0
Graphics: SDL_GL_CONTEXT_PROFILE_MASK is 0
Graphics: SDL_GL_SHARE_WITH_CURRENT_CONTEXT is 0
Graphics: SDL_GL_FRAMEBUFFER_SRGB_CAPABLE is 0
Graphics: OpenGL: Double buffering enabled
Graphics: OpenGL: Max texture size: 16384
Graphics: OpenGL: ShadingLanguage: "4.60 NVIDIA"
**** GRAPHICS REPORT ****
 VIDEO DRIVER GLVND x11
 pixel fmt 370546692
 size 640 480
**** END GRAPHICS REPORT ****
Style Manager: Reading style templates took 25ms
┏━ Running Lua for world:
┃    Resources: 1ms
┃    Terrains: 18ms
┃    Immovables: 342ms
┃    Critters: 222ms
┗━ took: 583ms
Loading the world took 598ms
┏━ Running Lua for tribes:
┃    Ships: 739ms
WARNING: Preciousness of 40 is a bit high for ware/worker 'coal' and tribe 'frisians'. We recommend not going over 25.
┃    Wares: 116ms
┃    Immovables: 307ms
┃    Workers: 2405ms
┃    Warehouses: 268ms
┃    Productionsites: 1103ms
┃    Trainingsites: 194ms
┃    Militarysites: 281ms
┃    Partially finished buildings: 3ms
┃    Tribe infos: 96ms
┗━ took: 5512ms
Loading the tribes took 5514ms
==========================================
WRITING 'falling' animation for 'oak_summer_old'. It has 7 pictures and 1 scales.
CREATING 154 x 252 spritesheet with 2 columns, 7 frames. Image size: 77 x 63.
Frame 0 at: 0, 0, 77, 63
Frame 1 at: 77, 0, 154, 63
Frame 2 at: 0, 63, 77, 126
Frame 3 at: 77, 63, 154, 126
Frame 4 at: 0, 126, 77, 189
Frame 5 at: 77, 126, 154, 189
Frame 6 at: 0, 189, 77, 252
Wrote spritesheet to trees/converted/oak/falling_1.png
LUA CODE:
falling = {
   directory = path.dirname(__file__),
   basename = "falling",
   fps = 10,
   frames = 7,
   rows = 4,
   columns = 2,
   hotspot = { 10, 60 }
}
Done!
lastserial: 0
